  [1m[35m (542.0ms)[0m  [1m[35mCREATE DATABASE "AppClone_development" ENCODING = 'unicode'[0m
  ↳ bin/rails:9
  [1m[35m (447.4ms)[0m  [1m[35mCREATE DATABASE "AppClone_test" ENCODING = 'unicode'[0m
  ↳ bin/rails:9
  [1m[35m (25.0ms)[0m  [1m[35mCREATE TABLE "schema_migrations" ("version" character varying NOT NULL PRIMARY KEY)[0m
  ↳ bin/rails:9
  [1m[35m (6.0ms)[0m  [1m[35mCREATE TABLE "ar_internal_metadata" ("key" character varying NOT NULL PRIMARY KEY, "value" character varying, "created_at" timestamp NOT NULL, "updated_at" timestamp NOT NULL)[0m
  ↳ bin/rails:9
  [1m[35m (0.8ms)[0m  [1m[34mSELECT pg_try_advisory_lock(7501952932086349065)[0m
  ↳ bin/rails:9
  [1m[35m (0.9ms)[0m  [1m[34mSELECT "schema_migrations"."version" FROM "schema_migrations" ORDER BY "schema_migrations"."version" ASC[0m
  ↳ bin/rails:9
Migrating to CreateUsers (20190326143437)
  [1m[35m (0.3ms)[0m  [1m[34mSELECT pg_advisory_unlock(7501952932086349065)[0m
  ↳ bin/rails:9
  [1m[35m (0.2ms)[0m  [1m[34mSELECT pg_try_advisory_lock(7501952932086349065)[0m
  ↳ bin/rails:9
  [1m[35m (0.6ms)[0m  [1m[34mSELECT "schema_migrations"."version" FROM "schema_migrations" ORDER BY "schema_migrations"."version" ASC[0m
  ↳ bin/rails:9
Migrating to CreateUsers (20190326143437)
  [1m[35m (0.2ms)[0m  [1m[34mSELECT pg_advisory_unlock(7501952932086349065)[0m
  ↳ bin/rails:9
  [1m[35m (0.2ms)[0m  [1m[34mSELECT pg_try_advisory_lock(7501952932086349065)[0m
  ↳ bin/rails:9
  [1m[35m (0.7ms)[0m  [1m[34mSELECT "schema_migrations"."version" FROM "schema_migrations" ORDER BY "schema_migrations"."version" ASC[0m
  ↳ bin/rails:9
Migrating to CreateUsers (20190326143437)
  [1m[35m (0.2ms)[0m  [1m[34mSELECT pg_advisory_unlock(7501952932086349065)[0m
  ↳ bin/rails:9
  [1m[35m (0.3ms)[0m  [1m[34mSELECT pg_try_advisory_lock(7501952932086349065)[0m
  ↳ bin/rails:9
  [1m[35m (0.9ms)[0m  [1m[34mSELECT "schema_migrations"."version" FROM "schema_migrations" ORDER BY "schema_migrations"."version" ASC[0m
  ↳ bin/rails:9
Migrating to CreateUsers (20190326143437)
  [1m[35m (0.3ms)[0m  [1m[34mSELECT pg_advisory_unlock(7501952932086349065)[0m
  ↳ bin/rails:9
  [1m[35m (0.2ms)[0m  [1m[34mSELECT pg_try_advisory_lock(7501952932086349065)[0m
  ↳ bin/rails:9
  [1m[35m (0.7ms)[0m  [1m[34mSELECT "schema_migrations"."version" FROM "schema_migrations" ORDER BY "schema_migrations"."version" ASC[0m
  ↳ bin/rails:9
Migrating to CreateUsers (20190326143437)
  [1m[35m (0.4ms)[0m  [1m[34mSELECT pg_advisory_unlock(7501952932086349065)[0m
  ↳ bin/rails:9
  [1m[35m (0.2ms)[0m  [1m[34mSELECT pg_try_advisory_lock(7501952932086349065)[0m
  ↳ bin/rails:9
  [1m[35m (0.8ms)[0m  [1m[34mSELECT "schema_migrations"."version" FROM "schema_migrations" ORDER BY "schema_migrations"."version" ASC[0m
  ↳ bin/rails:9
Migrating to CreateUsers (20190326143437)
  [1m[35m (6.9ms)[0m  [1m[35mBEGIN[0m
  ↳ bin/rails:9
  [1m[35m (36.3ms)[0m  [1m[35mCREATE TABLE "users" ("id" bigserial primary key, "username" character varying NOT NULL, "email" character varying NOT NULL, "password_digest" character varying NOT NULL, "session_token" character varying NOT NULL, "created_at" timestamp NOT NULL, "updated_at" timestamp NOT NULL)[0m
  ↳ db/migrate/20190326143437_create_users.rb:3
  [1m[35m (3.1ms)[0m  [1m[35mCREATE UNIQUE INDEX  "index_users_on_username" ON "users"  ("username")[0m
  ↳ db/migrate/20190326143437_create_users.rb:12
  [1m[35m (0.9ms)[0m  [1m[35mCREATE UNIQUE INDEX  "index_users_on_email" ON "users"  ("email")[0m
  ↳ db/migrate/20190326143437_create_users.rb:13
  [1m[36mActiveRecord::SchemaMigration Create (4.0ms)[0m  [1m[32mINSERT INTO "schema_migrations" ("version") VALUES ($1) RETURNING "version"[0m  [["version", "20190326143437"]]
  ↳ bin/rails:9
  [1m[35m (1.0ms)[0m  [1m[35mCOMMIT[0m
  ↳ bin/rails:9
  [1m[36mActiveRecord::InternalMetadata Load (1.2ms)[0m  [1m[34mSELECT  "ar_internal_metadata".* FROM "ar_internal_metadata" WHERE "ar_internal_metadata"."key" = $1 LIMIT $2[0m  [["key", "environment"], ["LIMIT", 1]]
  ↳ bin/rails:9
  [1m[35m (0.2ms)[0m  [1m[35mBEGIN[0m
  ↳ bin/rails:9
  [1m[36mActiveRecord::InternalMetadata Create (2.8ms)[0m  [1m[32mINSERT INTO "ar_internal_metadata" ("key", "value", "created_at", "updated_at") VALUES ($1, $2, $3, $4) RETURNING "key"[0m  [["key", "environment"], ["value", "development"], ["created_at", "2019-03-26 18:17:27.402394"], ["updated_at", "2019-03-26 18:17:27.402394"]]
  ↳ bin/rails:9
  [1m[35m (4.5ms)[0m  [1m[35mCOMMIT[0m
  ↳ bin/rails:9
  [1m[35m (0.3ms)[0m  [1m[34mSELECT pg_advisory_unlock(7501952932086349065)[0m
  ↳ bin/rails:9
  [1m[35m (0.7ms)[0m  [1m[34mSELECT "schema_migrations"."version" FROM "schema_migrations" ORDER BY "schema_migrations"."version" ASC[0m
  ↳ bin/rails:9
Started GET "/" for ::1 at 2019-03-26 15:40:24 -0400
  [1m[35m (1.1ms)[0m  [1m[34mSELECT "schema_migrations"."version" FROM "schema_migrations" ORDER BY "schema_migrations"."version" ASC[0m
  ↳ /Users/lyttonliao/.rbenv/versions/2.5.1/lib/ruby/gems/2.5.0/gems/activerecord-5.2.2.1/lib/active_record/log_subscriber.rb:98

SyntaxError - syntax error, unexpected '<', expecting ';' or '\n'
def StaticPagesController < ApplicationController
                          ^
/Users/lyttonliao/Desktop/FlixIt/app/controllers/static_pages_controller.rb:3: syntax error, unexpected keyword_end, expecting end-of-input:
  app/controllers/static_pages_controller.rb:1:in `'

Started POST "/__better_errors/2396c2897e3412e5/variables" for ::1 at 2019-03-26 15:40:25 -0400
Started GET "/" for ::1 at 2019-03-26 15:40:51 -0400
Processing by StaticPagesController#root as HTML
  Rendering static_pages/root.html.erb within layouts/application
  Rendered static_pages/root.html.erb within layouts/application (222.9ms)
Completed 500 Internal Server Error in 242ms (ActiveRecord: 0.0ms)



NoMethodError - undefined method `logged_in?' for #<#<Class:0x00007fa1a448bbe0>:0x00007fa1a360b278>
Did you mean?  logged_in:
  app/views/static_pages/root.html.erb:1:in `_app_views_static_pages_root_html_erb___2919245102814970085_70166110399460'

Started POST "/__better_errors/12bef5f0676fbf25/variables" for ::1 at 2019-03-26 15:40:52 -0400
Started GET "/" for ::1 at 2019-03-26 15:41:32 -0400
Processing by StaticPagesController#root as HTML
  Rendering static_pages/root.html.erb within layouts/application
  [1m[36mUser Load (12.1ms)[0m  [1m[34mSELECT  "users".* FROM "users" WHERE "users"."session_token" IS NULL LIMIT $1[0m  [["LIMIT", 1]]
  ↳ app/controllers/application_controller.rb:7
  Rendered static_pages/root.html.erb within layouts/application (40.6ms)
Completed 500 Internal Server Error in 308ms (ActiveRecord: 19.4ms)



Sprockets::FileNotFound - couldn't find file 'jqery_ujs' with type 'application/javascript'
Checked in these paths: 
  /Users/lyttonliao/Desktop/FlixIt/app/assets/config
  /Users/lyttonliao/Desktop/FlixIt/app/assets/images
  /Users/lyttonliao/Desktop/FlixIt/app/assets/javascripts
  /Users/lyttonliao/Desktop/FlixIt/app/assets/stylesheets
  /Users/lyttonliao/.rbenv/versions/2.5.1/lib/ruby/gems/2.5.0/gems/coffee-rails-4.2.2/lib/assets/javascripts
  /Users/lyttonliao/.rbenv/versions/2.5.1/lib/ruby/gems/2.5.0/gems/jquery-rails-4.3.3/vendor/assets/javascripts
  /Users/lyttonliao/.rbenv/versions/2.5.1/lib/ruby/gems/2.5.0/gems/actioncable-5.2.2.1/lib/assets/compiled
  /Users/lyttonliao/.rbenv/versions/2.5.1/lib/ruby/gems/2.5.0/gems/activestorage-5.2.2.1/app/assets/javascripts
  /Users/lyttonliao/.rbenv/versions/2.5.1/lib/ruby/gems/2.5.0/gems/actionview-5.2.2.1/lib/assets/compiled
  /Users/lyttonliao/Desktop/FlixIt/node_modules:
  app/views/layouts/application.html.erb:8:in `_app_views_layouts_application_html_erb___1316391839667699917_70166116189180'

Started POST "/__better_errors/64dcbfadc001d6f5/variables" for ::1 at 2019-03-26 15:41:33 -0400
Started GET "/" for ::1 at 2019-03-26 15:41:49 -0400
Processing by StaticPagesController#root as HTML
  Rendering static_pages/root.html.erb within layouts/application
  [1m[36mUser Load (0.5ms)[0m  [1m[34mSELECT  "users".* FROM "users" WHERE "users"."session_token" IS NULL LIMIT $1[0m  [["LIMIT", 1]]
  ↳ app/controllers/application_controller.rb:7
  Rendered static_pages/root.html.erb within layouts/application (2.3ms)
Started GET "/" for ::1 at 2019-03-26 15:41:52 -0400
Processing by StaticPagesController#root as HTML
  Rendering static_pages/root.html.erb within layouts/application
  [1m[36mUser Load (1.4ms)[0m  [1m[34mSELECT  "users".* FROM "users" WHERE "users"."session_token" IS NULL LIMIT $1[0m  [["LIMIT", 1]]
  ↳ app/controllers/application_controller.rb:7
  Rendered static_pages/root.html.erb within layouts/application (9.6ms)
Completed 200 OK in 4007ms (Views: 4003.4ms | ActiveRecord: 0.5ms)


Completed 200 OK in 566ms (Views: 556.7ms | ActiveRecord: 7.3ms)


Started GET "/" for ::1 at 2019-03-26 16:52:30 -0400
Processing by StaticPagesController#root as HTML
  Rendering static_pages/root.html.erb within layouts/application
  [1m[36mUser Load (0.8ms)[0m  [1m[34mSELECT  "users".* FROM "users" WHERE "users"."session_token" IS NULL LIMIT $1[0m  [["LIMIT", 1]]
  ↳ app/controllers/application_controller.rb:7
  Rendered static_pages/root.html.erb within layouts/application (21.3ms)
Completed 200 OK in 57ms (Views: 46.3ms | ActiveRecord: 7.4ms)


Started GET "/" for ::1 at 2019-03-26 17:11:46 -0400
Processing by StaticPagesController#root as HTML
  Rendering static_pages/root.html.erb within layouts/application
  [1m[36mUser Load (1.0ms)[0m  [1m[34mSELECT  "users".* FROM "users" WHERE "users"."session_token" IS NULL LIMIT $1[0m  [["LIMIT", 1]]
  ↳ app/controllers/application_controller.rb:7
  Rendered static_pages/root.html.erb within layouts/application (16.7ms)
Completed 200 OK in 63ms (Views: 51.1ms | ActiveRecord: 7.0ms)


Started GET "/" for ::1 at 2019-03-27 15:26:41 -0400
  [1m[35m (1.0ms)[0m  [1m[34mSELECT "schema_migrations"."version" FROM "schema_migrations" ORDER BY "schema_migrations"."version" ASC[0m
  ↳ /Users/lyttonliao/.rbenv/versions/2.5.1/lib/ruby/gems/2.5.0/gems/activerecord-5.2.2.1/lib/active_record/log_subscriber.rb:98
Processing by StaticPagesController#root as HTML
  Rendering static_pages/root.html.erb within layouts/application
  [1m[36mUser Load (0.8ms)[0m  [1m[34mSELECT  "users".* FROM "users" WHERE "users"."session_token" IS NULL LIMIT $1[0m  [["LIMIT", 1]]
  ↳ app/controllers/application_controller.rb:7
  Rendered static_pages/root.html.erb within layouts/application (17.8ms)
Completed 200 OK in 1115ms (Views: 1109.7ms | ActiveRecord: 2.5ms)


Started GET "/" for ::1 at 2019-03-27 15:27:23 -0400
Processing by StaticPagesController#root as HTML
  Rendering static_pages/root.html.erb within layouts/application
  [1m[36mUser Load (0.9ms)[0m  [1m[34mSELECT  "users".* FROM "users" WHERE "users"."session_token" IS NULL LIMIT $1[0m  [["LIMIT", 1]]
  ↳ app/controllers/application_controller.rb:7
  Rendered static_pages/root.html.erb within layouts/application (6.0ms)
Completed 200 OK in 28ms (Views: 22.7ms | ActiveRecord: 4.3ms)


Started GET "/" for ::1 at 2019-03-27 15:28:26 -0400
Processing by StaticPagesController#root as HTML
  Rendering static_pages/root.html.erb within layouts/application
  [1m[36mUser Load (0.3ms)[0m  [1m[34mSELECT  "users".* FROM "users" WHERE "users"."session_token" IS NULL LIMIT $1[0m  [["LIMIT", 1]]
  ↳ app/controllers/application_controller.rb:7
  Rendered static_pages/root.html.erb within layouts/application (1.5ms)
Completed 200 OK in 18ms (Views: 16.2ms | ActiveRecord: 0.3ms)


